1767643302.456231 client started (3940): version 3.6a, socket /private/tmp/tmux-501/default, protocol 8
1767643302.456363 on Darwin 24.6.0 Darwin Kernel Version 24.6.0: Mon Jul 14 11:30:29 PDT 2025; root:xnu-11417.140.69~1/RELEASE_ARM64_T6000
1767643302.456416 using libevent 2.1.12-stable select
1767643302.456653 using utf8proc 2.11.2
1767643302.456670 using ncurses 6.5 20240427
1767643302.456690 flags are 0x18010000
1767643302.456701 socket is /private/tmp/tmux-501/default
1767643302.456711 trying connect
1767643302.456720 connect failed: No such file or directory
1767643302.456731 lock file is /private/tmp/tmux-501/default.lock
1767643302.456796 flock succeeded
1767643302.456801 got lock (7)
1767643302.456805 trying connect
1767643302.456811 connect failed: No such file or directory
1767643302.458596 add peer 0x600003cb4000: 8 (0x0)
1767643302.458795 sending message 111 to peer 0x600003cb4000 (8 bytes)
1767643302.458807 sending message 111 to peer 0x600003cb4000 (8 bytes)
1767643302.458811 sending message 101 to peer 0x600003cb4000 (14 bytes)
1767643302.458816 sending message 109 to peer 0x600003cb4000 (4 bytes)
1767643302.458819 sending message 102 to peer 0x600003cb4000 (1 bytes)
1767643302.458823 sending message 108 to peer 0x600003cb4000 (64 bytes)
1767643302.458831 sending message 104 to peer 0x600003cb4000 (0 bytes)
1767643302.458835 sending message 110 to peer 0x600003cb4000 (0 bytes)
1767643302.458838 sending message 107 to peer 0x600003cb4000 (4 bytes)
1767643302.458842 sending message 105 to peer 0x600003cb4000 (106 bytes)
1767643302.458846 sending message 105 to peer 0x600003cb4000 (75 bytes)
1767643302.458849 sending message 105 to peer 0x600003cb4000 (21 bytes)
1767643302.458853 sending message 105 to peer 0x600003cb4000 (19 bytes)
1767643302.458856 sending message 105 to peer 0x600003cb4000 (15 bytes)
1767643302.458860 sending message 105 to peer 0x600003cb4000 (57 bytes)
1767643302.458863 sending message 105 to peer 0x600003cb4000 (27 bytes)
1767643302.458866 sending message 105 to peer 0x600003cb4000 (13 bytes)
1767643302.458869 sending message 105 to peer 0x600003cb4000 (22 bytes)
1767643302.458872 sending message 105 to peer 0x600003cb4000 (66 bytes)
1767643302.458875 sending message 105 to peer 0x600003cb4000 (32 bytes)
1767643302.458879 sending message 105 to peer 0x600003cb4000 (938 bytes)
1767643302.458882 sending message 105 to peer 0x600003cb4000 (41 bytes)
1767643302.458885 sending message 105 to peer 0x600003cb4000 (54 bytes)
1767643302.458889 sending message 105 to peer 0x600003cb4000 (43 bytes)
1767643302.458892 sending message 105 to peer 0x600003cb4000 (68 bytes)
1767643302.458895 sending message 105 to peer 0x600003cb4000 (17 bytes)
1767643302.458899 sending message 105 to peer 0x600003cb4000 (14 bytes)
1767643302.458902 sending message 105 to peer 0x600003cb4000 (19 bytes)
1767643302.458906 sending message 105 to peer 0x600003cb4000 (8 bytes)
1767643302.458909 sending message 105 to peer 0x600003cb4000 (20 bytes)
1767643302.458912 sending message 105 to peer 0x600003cb4000 (63 bytes)
1767643302.458915 sending message 105 to peer 0x600003cb4000 (16 bytes)
1767643302.458918 sending message 105 to peer 0x600003cb4000 (98 bytes)
1767643302.458922 sending message 105 to peer 0x600003cb4000 (57 bytes)
1767643302.458925 sending message 105 to peer 0x600003cb4000 (24 bytes)
1767643302.458928 sending message 105 to peer 0x600003cb4000 (20 bytes)
1767643302.458932 sending message 105 to peer 0x600003cb4000 (60 bytes)
1767643302.458935 sending message 105 to peer 0x600003cb4000 (30 bytes)
1767643302.458938 sending message 105 to peer 0x600003cb4000 (37 bytes)
1767643302.458942 sending message 105 to peer 0x600003cb4000 (34 bytes)
1767643302.458945 sending message 105 to peer 0x600003cb4000 (35 bytes)
1767643302.458948 sending message 105 to peer 0x600003cb4000 (12 bytes)
1767643302.458951 sending message 105 to peer 0x600003cb4000 (22 bytes)
1767643302.458954 sending message 105 to peer 0x600003cb4000 (30 bytes)
1767643302.458958 sending message 105 to peer 0x600003cb4000 (11 bytes)
1767643302.458961 sending message 105 to peer 0x600003cb4000 (8 bytes)
1767643302.458974 sending message 105 to peer 0x600003cb4000 (32 bytes)
1767643302.458977 sending message 105 to peer 0x600003cb4000 (96 bytes)
1767643302.459031 sending message 105 to peer 0x600003cb4000 (10 bytes)
1767643302.459035 sending message 105 to peer 0x600003cb4000 (26 bytes)
1767643302.459037 sending message 105 to peer 0x600003cb4000 (33 bytes)
1767643302.459040 sending message 105 to peer 0x600003cb4000 (42 bytes)
1767643302.459042 sending message 105 to peer 0x600003cb4000 (16 bytes)
1767643302.459044 sending message 105 to peer 0x600003cb4000 (28 bytes)
1767643302.459047 sending message 105 to peer 0x600003cb4000 (75 bytes)
1767643302.459050 sending message 105 to peer 0x600003cb4000 (38 bytes)
1767643302.459052 sending message 105 to peer 0x600003cb4000 (26 bytes)
1767643302.459054 sending message 105 to peer 0x600003cb4000 (29 bytes)
1767643302.459057 sending message 105 to peer 0x600003cb4000 (37 bytes)
1767643302.459059 sending message 105 to peer 0x600003cb4000 (29 bytes)
1767643302.459061 sending message 105 to peer 0x600003cb4000 (20 bytes)
1767643302.459064 sending message 105 to peer 0x600003cb4000 (14 bytes)
1767643302.459066 sending message 105 to peer 0x600003cb4000 (15 bytes)
1767643302.459068 sending message 105 to peer 0x600003cb4000 (27 bytes)
1767643302.459070 sending message 105 to peer 0x600003cb4000 (18 bytes)
1767643302.459074 sending message 105 to peer 0x600003cb4000 (14 bytes)
1767643302.459077 sending message 105 to peer 0x600003cb4000 (18 bytes)
1767643302.459079 sending message 105 to peer 0x600003cb4000 (20 bytes)
1767643302.459081 sending message 105 to peer 0x600003cb4000 (23 bytes)
1767643302.459083 sending message 105 to peer 0x600003cb4000 (11 bytes)
1767643302.459086 sending message 105 to peer 0x600003cb4000 (16 bytes)
1767643302.459089 sending message 105 to peer 0x600003cb4000 (15 bytes)
1767643302.459091 sending message 105 to peer 0x600003cb4000 (15 bytes)
1767643302.459093 sending message 105 to peer 0x600003cb4000 (15 bytes)
1767643302.459096 sending message 105 to peer 0x600003cb4000 (23 bytes)
1767643302.459098 sending message 105 to peer 0x600003cb4000 (15 bytes)
1767643302.459100 sending message 105 to peer 0x600003cb4000 (17 bytes)
1767643302.459102 sending message 105 to peer 0x600003cb4000 (9 bytes)
1767643302.459105 sending message 105 to peer 0x600003cb4000 (17 bytes)
1767643302.459107 sending message 105 to peer 0x600003cb4000 (14 bytes)
1767643302.459109 sending message 105 to peer 0x600003cb4000 (10 bytes)
1767643302.459112 sending message 105 to peer 0x600003cb4000 (34 bytes)
1767643302.459114 sending message 106 to peer 0x600003cb4000 (0 bytes)
1767643302.459149 sending message 200 to peer 0x600003cb4000 (4 bytes)
1767643302.459152 client loop enter
1767643302.460452 client_signal: Child exited: 20
1767643302.719241 peer 0x600003cb4000 message 303
1767643302.719255 open write file 2 -
1767643302.719268 sending message 305 to peer 0x600003cb4000 (8 bytes)
1767643302.719277 write check file 2
1767643302.719609 peer 0x600003cb4000 message 304
1767643302.719615 write 37 to file 2
1767643302.719627 peer 0x600003cb4000 message 203
1767643302.719630 file 2 37 bytes left
1767643302.719639 write check file 2
1767643302.719643 client loop exit
